{"contracts/NFTMarketplace.sol":{"l":{"47":16,"48":16,"49":1,"51":15,"58":24,"59":24,"60":24,"61":2,"63":22,"66":13,"67":13,"68":3,"70":10,"89":15,"90":1,"95":14,"96":14,"97":0,"99":14,"100":14,"107":4,"108":4,"109":1,"112":3,"113":3,"114":3,"116":3,"123":4,"124":4,"132":1,"133":1,"137":2,"138":2,"139":1,"141":1,"142":1,"143":1,"144":0,"155":2,"159":1},"path":"/Users/ruslankuliev/Desktop/MyProjects/blockchain dev/hardhat/hardhat-nft-marketplace-io/contracts/NFTMarketplace.sol","s":{"1":16,"2":16,"3":24,"4":24,"5":24,"6":13,"7":13,"8":15,"9":14,"10":14,"11":14,"12":4,"13":4,"14":3,"15":3,"16":4,"17":1,"18":2,"19":2,"20":1,"21":1,"22":2,"23":1},"b":{"1":[1,15],"2":[2,22],"3":[3,10],"4":[15,1],"5":[15,0],"6":[1,14],"7":[0,14],"8":[4,1],"9":[4,0],"10":[1,3],"11":[6,1],"12":[4,2],"13":[2,0],"14":[1,1],"15":[1,1],"16":[0,1]},"f":{"1":16,"2":24,"3":13,"4":15,"5":4,"6":4,"7":1,"8":2,"9":2,"10":1},"fnMap":{"1":{"name":"NotListed","line":42,"loc":{"start":{"line":42,"column":4},"end":{"line":52,"column":4}}},"2":{"name":"isOwner","line":53,"loc":{"start":{"line":53,"column":4},"end":{"line":64,"column":4}}},"3":{"name":"isListed","line":65,"loc":{"start":{"line":65,"column":4},"end":{"line":71,"column":4}}},"4":{"name":"listItem","line":88,"loc":{"start":{"line":84,"column":4},"end":{"line":101,"column":4}}},"5":{"name":"buyItem","line":106,"loc":{"start":{"line":103,"column":4},"end":{"line":117,"column":4}}},"6":{"name":"cancelListing","line":122,"loc":{"start":{"line":119,"column":4},"end":{"line":125,"column":4}}},"7":{"name":"updateListing","line":131,"loc":{"start":{"line":127,"column":4},"end":{"line":134,"column":4}}},"8":{"name":"withdrawProceeds","line":136,"loc":{"start":{"line":136,"column":4},"end":{"line":146,"column":4}}},"9":{"name":"getListing","line":151,"loc":{"start":{"line":151,"column":4},"end":{"line":156,"column":4}}},"10":{"name":"getProceeds","line":158,"loc":{"start":{"line":158,"column":4},"end":{"line":160,"column":4}}}},"statementMap":{"1":{"start":{"line":47,"column":8},"end":{"line":47,"column":64}},"2":{"start":{"line":48,"column":8},"end":{"line":48,"column":1640}},"3":{"start":{"line":58,"column":8},"end":{"line":58,"column":41}},"4":{"start":{"line":59,"column":8},"end":{"line":59,"column":44}},"5":{"start":{"line":60,"column":8},"end":{"line":60,"column":1967}},"6":{"start":{"line":66,"column":8},"end":{"line":66,"column":64}},"7":{"start":{"line":67,"column":8},"end":{"line":67,"column":2200}},"8":{"start":{"line":89,"column":8},"end":{"line":89,"column":2968}},"9":{"start":{"line":95,"column":8},"end":{"line":95,"column":41}},"10":{"start":{"line":96,"column":8},"end":{"line":96,"column":3270}},"11":{"start":{"line":100,"column":8},"end":{"line":100,"column":63}},"12":{"start":{"line":107,"column":8},"end":{"line":107,"column":67}},"13":{"start":{"line":108,"column":8},"end":{"line":108,"column":3754}},"14":{"start":{"line":114,"column":8},"end":{"line":114,"column":83}},"15":{"start":{"line":116,"column":8},"end":{"line":116,"column":74}},"16":{"start":{"line":124,"column":8},"end":{"line":124,"column":58}},"17":{"start":{"line":133,"column":8},"end":{"line":133,"column":66}},"18":{"start":{"line":137,"column":8},"end":{"line":137,"column":49}},"19":{"start":{"line":138,"column":8},"end":{"line":138,"column":5007}},"20":{"start":{"line":142,"column":8},"end":{"line":142,"column":72}},"21":{"start":{"line":143,"column":8},"end":{"line":143,"column":5205}},"22":{"start":{"line":155,"column":8},"end":{"line":155,"column":46}},"23":{"start":{"line":159,"column":8},"end":{"line":159,"column":33}}},"branchMap":{"1":{"line":48,"type":"if","locations":[{"start":{"line":48,"column":8},"end":{"line":48,"column":8}},{"start":{"line":48,"column":8},"end":{"line":48,"column":8}}]},"2":{"line":60,"type":"if","locations":[{"start":{"line":60,"column":8},"end":{"line":60,"column":8}},{"start":{"line":60,"column":8},"end":{"line":60,"column":8}}]},"3":{"line":67,"type":"if","locations":[{"start":{"line":67,"column":8},"end":{"line":67,"column":8}},{"start":{"line":67,"column":8},"end":{"line":67,"column":8}}]},"4":{"line":88,"type":"if","locations":[{"start":{"line":88,"column":15},"end":{"line":88,"column":15}},{"start":{"line":88,"column":15},"end":{"line":88,"column":15}}]},"5":{"line":88,"type":"if","locations":[{"start":{"line":88,"column":58},"end":{"line":88,"column":58}},{"start":{"line":88,"column":58},"end":{"line":88,"column":58}}]},"6":{"line":89,"type":"if","locations":[{"start":{"line":89,"column":8},"end":{"line":89,"column":8}},{"start":{"line":89,"column":8},"end":{"line":89,"column":8}}]},"7":{"line":96,"type":"if","locations":[{"start":{"line":96,"column":8},"end":{"line":96,"column":8}},{"start":{"line":96,"column":8},"end":{"line":96,"column":8}}]},"8":{"line":106,"type":"if","locations":[{"start":{"line":106,"column":23},"end":{"line":106,"column":23}},{"start":{"line":106,"column":23},"end":{"line":106,"column":23}}]},"9":{"line":106,"type":"if","locations":[{"start":{"line":106,"column":53},"end":{"line":106,"column":53}},{"start":{"line":106,"column":53},"end":{"line":106,"column":53}}]},"10":{"line":108,"type":"if","locations":[{"start":{"line":108,"column":8},"end":{"line":108,"column":8}},{"start":{"line":108,"column":8},"end":{"line":108,"column":8}}]},"11":{"line":122,"type":"if","locations":[{"start":{"line":122,"column":15},"end":{"line":122,"column":15}},{"start":{"line":122,"column":15},"end":{"line":122,"column":15}}]},"12":{"line":122,"type":"if","locations":[{"start":{"line":122,"column":56},"end":{"line":122,"column":56}},{"start":{"line":122,"column":56},"end":{"line":122,"column":56}}]},"13":{"line":131,"type":"if","locations":[{"start":{"line":131,"column":15},"end":{"line":131,"column":15}},{"start":{"line":131,"column":15},"end":{"line":131,"column":15}}]},"14":{"line":131,"type":"if","locations":[{"start":{"line":131,"column":45},"end":{"line":131,"column":45}},{"start":{"line":131,"column":45},"end":{"line":131,"column":45}}]},"15":{"line":138,"type":"if","locations":[{"start":{"line":138,"column":8},"end":{"line":138,"column":8}},{"start":{"line":138,"column":8},"end":{"line":138,"column":8}}]},"16":{"line":143,"type":"if","locations":[{"start":{"line":143,"column":8},"end":{"line":143,"column":8}},{"start":{"line":143,"column":8},"end":{"line":143,"column":8}}]}}},"contracts/test/BasicNft.sol":{"l":{"14":3,"18":21,"19":21,"20":21,"24":0,"25":0,"29":0},"path":"/Users/ruslankuliev/Desktop/MyProjects/blockchain dev/hardhat/hardhat-nft-marketplace-io/contracts/test/BasicNft.sol","s":{"1":21,"2":21,"3":0,"4":0,"5":0},"b":{"1":[0,0]},"f":{"1":3,"2":21,"3":0,"4":0},"fnMap":{"1":{"name":"constructor","line":13,"loc":{"start":{"line":13,"column":4},"end":{"line":15,"column":4}}},"2":{"name":"mintNft","line":17,"loc":{"start":{"line":17,"column":4},"end":{"line":21,"column":4}}},"3":{"name":"tokenURI","line":23,"loc":{"start":{"line":23,"column":4},"end":{"line":26,"column":4}}},"4":{"name":"getTokenCounter","line":28,"loc":{"start":{"line":28,"column":4},"end":{"line":30,"column":4}}}},"statementMap":{"1":{"start":{"line":18,"column":8},"end":{"line":18,"column":44}},"2":{"start":{"line":19,"column":8},"end":{"line":19,"column":38}},"3":{"start":{"line":24,"column":8},"end":{"line":24,"column":83}},"4":{"start":{"line":25,"column":8},"end":{"line":25,"column":24}},"5":{"start":{"line":29,"column":8},"end":{"line":29,"column":29}}},"branchMap":{"1":{"line":24,"type":"if","locations":[{"start":{"line":24,"column":8},"end":{"line":24,"column":8}},{"start":{"line":24,"column":8},"end":{"line":24,"column":8}}]}}}}